2023-05-17 00:40:29,512 WARN  [restartedMain] edu.depaul.se452.restaurant_review.RestaurantReviewApplication : Warning
2023-05-17 00:40:29,516 ERROR [restartedMain] edu.depaul.se452.restaurant_review.RestaurantReviewApplication : Error
2023-05-17 00:41:57,134 ERROR [restartedMain] org.springframework.boot.diagnostics.LoggingFailureAnalysisReporter : 

***************************
APPLICATION FAILED TO START
***************************

Description:

Web server failed to start. Port 8080 was already in use.

Action:

Identify and stop the process that's listening on port 8080 or configure this application to listen on another port.

2023-05-17 00:45:06,651 WARN  [restartedMain] edu.depaul.se452.restaurant_review.RestaurantReviewApplication : Warning
2023-05-17 00:45:06,652 ERROR [restartedMain] edu.depaul.se452.restaurant_review.RestaurantReviewApplication : Error
2023-05-17 00:45:42,721 ERROR [restartedMain] org.springframework.boot.diagnostics.LoggingFailureAnalysisReporter : 

***************************
APPLICATION FAILED TO START
***************************

Description:

Web server failed to start. Port 8080 was already in use.

Action:

Identify and stop the process that's listening on port 8080 or configure this application to listen on another port.

2023-05-17 00:55:14,980 WARN  [restartedMain] edu.depaul.se452.restaurant_review.RestaurantReviewApplication : Warning
2023-05-17 00:55:14,980 ERROR [restartedMain] edu.depaul.se452.restaurant_review.RestaurantReviewApplication : Error
2023-05-17 00:55:19,515 WARN  [restartedMain] edu.depaul.se452.restaurant_review.RestaurantReviewApplication : Warning
2023-05-17 00:55:19,516 ERROR [restartedMain] edu.depaul.se452.restaurant_review.RestaurantReviewApplication : Error
2023-05-17 00:56:32,360 WARN  [restartedMain] edu.depaul.se452.restaurant_review.RestaurantReviewApplication : Warning
2023-05-17 00:56:32,361 ERROR [restartedMain] edu.depaul.se452.restaurant_review.RestaurantReviewApplication : Error
2023-05-17 00:56:33,991 ERROR [restartedMain] org.springframework.boot.diagnostics.LoggingFailureAnalysisReporter : 

***************************
APPLICATION FAILED TO START
***************************

Description:

Web server failed to start. Port 8080 was already in use.

Action:

Identify and stop the process that's listening on port 8080 or configure this application to listen on another port.

